Arguments: 
  C:\Program Files (x86)\nodejs\node.exe C:\Program Files (x86)\Yarn\bin\yarn.js add react-responsive-carousel

PATH: 
  C:\Python39\Scripts\;C:\Python39\;C:\WINDOWS\system32;C:\WINDOWS;C:\WINDOWS\System32\Wbem;C:\WINDOWS\System32\WindowsPowerShell\v1.0\;C:\WINDOWS\System32\OpenSSH\;C:\Program Files\Git\cmd;C:\Program Files (x86)\nodejs\;C:\ProgramData\chocolatey\bin;C:\Users\henri\AppData\Local\Microsoft\WindowsApps;C:\Users\henri\AppData\Local\Programs\Microsoft VS Code\bin;C:\Users\henri\AppData\Roaming\npm;;C:\Program Files (x86)\Yarn\bin\;C:\Users\henri\AppData\Local\Microsoft\WindowsApps;;C:\Users\henri\AppData\Local\Programs\Microsoft VS Code\bin;C:\Users\henri\AppData\Roaming\npm;C:\Users\henri\AppData\Local\Yarn\bin

Yarn version: 
  1.22.5

Node version: 
  14.17.0

Platform: 
  win32 ia32

Trace: 
  Error: EPERM: operation not permitted, unlink 'C:\fiat-toro\node_modules\node-sass\vendor\win32-ia32-83\binding.node'

npm manifest: 
  {
    "name": "fiat_toro",
    "version": "0.1.0",
    "private": true,
    "homepage": "./",
    "dependencies": {
      "@cerebral/forms": "3.1.0",
      "@cerebral/react": "3.2.1",
      "@cerebral/useragent": "3.2.1",
      "@dcode/is": "file:code/dcode/is",
      "@dcode/loader": "file:code/dcode/loader",
      "axios": "^0.21.1",
      "cerebral": "^4.2.2",
      "classnames": "2.3.1",
      "coffeekraken-gridle": "3.0.0-rc.4",
      "css-loader": "5.2.0",
      "fetch-jsonp": "1.1.3",
      "flickity": "^2.2.2",
      "flickity-as-nav-for": "^2.0.1",
      "gridle": "2.0.48",
      "gsap": "^3.6.1",
      "inputmask": "4.0.8",
      "jquery": "^3.6.0",
      "jspdf": "^2.3.1",
      "node-sass": "5.0.0",
      "prop-types": "15.7.2",
      "react": "^17.0.1",
      "react-anchor-link-smooth-scroll": "^1.0.12",
      "react-dom": "^17.0.1",
      "react-flickity-component": "^3.6.1",
      "react-icons": "^4.2.0",
      "react-insta-stories": "^2.1.2",
      "react-medium-image-zoom": "^3.1.3",
      "react-modal": "^3.13.1",
      "react-router-dom": "^5.2.0",
      "react-scripts": "^4.0.3",
      "sass-loader": "8.0.2",
      "styled-components": "^5.2.1",
      "styled-tools": "^1.7.2",
      "swiper": "^6.4.15"
    },
    "scripts": {
      "dev": "react-scripts start",
      "start": "react-scripts start",
      "build": "react-scripts build",
      "test": "react-scripts test",
      "eject": "react-scripts eject"
    },
    "eslintConfig": {
      "extends": [
        "react-app",
        "react-app/jest"
      ]
    },
    "browserslist": {
      "production": [
        ">0.2%",
        "not dead",
        "not op_mini all"
      ],
      "development": [
        "last 1 chrome version",
        "last 1 firefox version",
        "last 1 safari version"
      ]
    },
    "devDependencies": {
      "eslint": "^7.19.0",
      "eslint-config-airbnb-base": "^14.2.1",
      "eslint-config-prettier": "^7.2.0",
      "eslint-plugin-import": "^2.22.1",
      "eslint-plugin-prettier": "^3.3.1",
      "prettier": "^2.2.1",
      "webpack": "4.44.2"
    }
  }

yarn manifest: 
  No manifest

Lockfile: 
  No lockfile
